<?xml version="1.0" encoding="UTF-8"?>
<!-- Generated by org.testng.reporters.JUnitReportReporter -->
<testsuite skipped="0" hostname="work-PC" name="datadriven.TwoMehodsTest" tests="1" failures="0" timestamp="2019-09-27T15:52:43 IST" time="2.281" errors="0">
  <testcase name="f" time="2.281" classname="datadriven.TwoMehodsTest"/>
</testsuite> <!-- datadriven.TwoMehodsTest -->
