<?xml version="1.0" encoding="UTF-8"?>
<!-- Generated by org.testng.reporters.JUnitReportReporter -->
<testsuite skipped="0" hostname="work-PC" name="datadriven.DatabaseDrivenTest" tests="2" failures="0" timestamp="2019-09-29T12:51:05 IST" time="46.684" errors="0">
  <testcase name="browser" time="14.627" classname="datadriven.DatabaseDrivenTest"/>
  <testcase name="f" time="32.057" classname="datadriven.DatabaseDrivenTest"/>
</testsuite> <!-- datadriven.DatabaseDrivenTest -->
