<?xml version="1.0" encoding="UTF-8"?>
<!-- Generated by org.testng.reporters.JUnitReportReporter -->
<testsuite skipped="0" hostname="work-PC" name="listenerimplementation.ListenersTest" tests="2" failures="0" timestamp="2019-10-01T08:29:31 IST" time="18.836" errors="0">
  <testcase name="signup" time="0.713" classname="listenerimplementation.ListenersTest"/>
  <testcase name="login" time="18.123" classname="listenerimplementation.ListenersTest"/>
</testsuite> <!-- listenerimplementation.ListenersTest -->
