<?xml version="1.0" encoding="UTF-8"?>
<!-- Generated by org.testng.reporters.JUnitReportReporter -->
<testsuite skipped="0" hostname="work-PC" name="Selenium.MavenProject.ScreenCaapturingTest" tests="3" failures="0" timestamp="2019-09-05T17:51:52 IST" time="3.047" errors="0">
  <testcase name="f" time="0.014" classname="Selenium.MavenProject.ScreenCaapturingTest"/>
  <testcase name="signup" time="1.458" classname="Selenium.MavenProject.ScreenCaapturingTest"/>
  <testcase name="login" time="1.575" classname="Selenium.MavenProject.ScreenCaapturingTest"/>
</testsuite> <!-- Selenium.MavenProject.ScreenCaapturingTest -->
