<?xml version="1.0" encoding="UTF-8"?>
<!-- Generated by org.testng.reporters.JUnitReportReporter -->
<testsuite skipped="0" hostname="work-PC" name="Selenium.MavenProject.GroupTest" tests="5" failures="0" timestamp="2019-08-29T13:42:41 IST" time="0.015" errors="0">
  <testcase name="apple" time="0.005" classname="Selenium.MavenProject.GroupTest"/>
  <testcase name="banana" time="0.003" classname="Selenium.MavenProject.GroupTest"/>
  <testcase name="pineapple" time="0.003" classname="Selenium.MavenProject.GroupTest"/>
  <testcase name="potato" time="0.002" classname="Selenium.MavenProject.GroupTest"/>
  <testcase name="ladyfinger" time="0.002" classname="Selenium.MavenProject.GroupTest"/>
</testsuite> <!-- Selenium.MavenProject.GroupTest -->
