<?xml version="1.0" encoding="UTF-8"?>
<!-- Generated by org.testng.reporters.JUnitReportReporter -->
<testsuite skipped="0" hostname="work-PC" name="datadriven.DataProviderTest" tests="3" failures="0" timestamp="2019-09-30T08:45:01 IST" time="60.262" errors="0">
  <testcase name="f" time="22.667" classname="datadriven.DataProviderTest"/>
  <testcase name="f" time="22.568" classname="datadriven.DataProviderTest"/>
  <testcase name="f" time="15.027" classname="datadriven.DataProviderTest"/>
</testsuite> <!-- datadriven.DataProviderTest -->
