<?xml version="1.0" encoding="UTF-8"?>
<!-- Generated by org.testng.reporters.JUnitReportReporter -->
<testsuite skipped="0" hostname="work-PC" name="seleniumGrid.SeleniumGridTest" tests="2" failures="0" timestamp="2019-09-10T23:25:54 IST" time="7.403" errors="0">
  <testcase name="verify" time="3.503" classname="seleniumGrid.SeleniumGridTest"/>
  <testcase name="setup" time="3.900" classname="seleniumGrid.SeleniumGridTest"/>
</testsuite> <!-- seleniumGrid.SeleniumGridTest -->
