<?xml version="1.0" encoding="UTF-8"?>
<!-- Generated by org.testng.reporters.JUnitReportReporter -->
<testsuite skipped="0" hostname="work-PC" name="Selenium.MavenProject.HeadlessBrowser2Test" tests="1" failures="0" timestamp="2019-08-29T19:31:34 IST" time="0.021" errors="0">
  <testcase name="f" time="0.021" classname="Selenium.MavenProject.HeadlessBrowser2Test"/>
</testsuite> <!-- Selenium.MavenProject.HeadlessBrowser2Test -->
