<?xml version="1.0" encoding="UTF-8"?>
<!-- Generated by org.testng.reporters.JUnitReportReporter -->
<testsuite skipped="0" hostname="work-PC" name="Selenium.MavenProject.SpicejetMouseHoveringTest" tests="2" failures="0" timestamp="2019-09-06T13:49:43 IST" time="2.843" errors="0">
  <testcase name="f" time="2.139" classname="Selenium.MavenProject.SpicejetMouseHoveringTest"/>
  <testcase name="screenshot" time="0.704" classname="Selenium.MavenProject.SpicejetMouseHoveringTest"/>
</testsuite> <!-- Selenium.MavenProject.SpicejetMouseHoveringTest -->
