<?xml version="1.0" encoding="UTF-8"?>
<!-- Generated by org.testng.reporters.JUnitReportReporter -->
<testsuite skipped="0" hostname="work-PC" name="Selenium.MavenProject.FramesHandlingTest" tests="1" failures="0" timestamp="2019-09-05T13:17:01 IST" time="7.533" errors="0">
  <testcase name="f" time="7.533" classname="Selenium.MavenProject.FramesHandlingTest"/>
</testsuite> <!-- Selenium.MavenProject.FramesHandlingTest -->
