<?xml version="1.0" encoding="UTF-8"?>
<!-- Generated by org.testng.reporters.JUnitReportReporter -->
<testsuite skipped="0" hostname="work-PC" name="Selenium.MavenProject.OnlineSBITest" tests="2" failures="0" timestamp="2019-09-17T16:06:11 IST" time="3.486" errors="0">
  <testcase name="login" time="2.085" classname="Selenium.MavenProject.OnlineSBITest"/>
  <testcase name="alerthandling" time="1.401" classname="Selenium.MavenProject.OnlineSBITest"/>
</testsuite> <!-- Selenium.MavenProject.OnlineSBITest -->
