<?xml version="1.0" encoding="UTF-8"?>
<!-- Generated by org.testng.reporters.JUnitReportReporter -->
<testsuite skipped="0" hostname="work-PC" name="sql_JDBC.JdbcTest" tests="1" failures="0" timestamp="2019-09-20T11:01:56 IST" time="0.532" errors="0">
  <testcase name="f" time="0.532" classname="sql_JDBC.JdbcTest"/>
</testsuite> <!-- sql_JDBC.JdbcTest -->
