<?xml version="1.0" encoding="UTF-8"?>
<!-- Generated by org.testng.reporters.JUnitReportReporter -->
<testsuite skipped="0" hostname="work-PC" name="Selenium.MavenProject.IframesTest" tests="1" failures="0" timestamp="2019-09-06T10:48:32 IST" time="0.103" errors="0">
  <testcase name="f" time="0.103" classname="Selenium.MavenProject.IframesTest"/>
</testsuite> <!-- Selenium.MavenProject.IframesTest -->
