<?xml version="1.0" encoding="UTF-8"?>
<!-- Generated by org.testng.reporters.JUnitReportReporter -->
<testsuite skipped="0" hostname="work-PC" name="Selenium.MavenProject.HeadlessrBrowserTest" tests="1" failures="0" timestamp="2019-09-05T11:04:41 IST" time="0.020" errors="0">
  <testcase name="f" time="0.020" classname="Selenium.MavenProject.HeadlessrBrowserTest"/>
</testsuite> <!-- Selenium.MavenProject.HeadlessrBrowserTest -->
