<?xml version="1.0" encoding="UTF-8"?>
<!-- Generated by org.testng.reporters.JUnitReportReporter -->
<testsuite skipped="0" hostname="work-PC" name="Selenium.MavenProject.FileConversionTest" tests="1" failures="0" timestamp="2019-08-29T23:19:50 IST" time="17.583" errors="0">
  <testcase name="f" time="17.583" classname="Selenium.MavenProject.FileConversionTest"/>
</testsuite> <!-- Selenium.MavenProject.FileConversionTest -->
