<?xml version="1.0" encoding="UTF-8"?>
<!-- Generated by org.testng.reporters.JUnitReportReporter -->
<testsuite skipped="0" hostname="work-PC" name="datadriven.SimpledatadrivenTest" tests="1" failures="0" timestamp="2019-09-25T14:39:24 IST" time="2.106" errors="0">
  <testcase name="f" time="2.106" classname="datadriven.SimpledatadrivenTest"/>
</testsuite> <!-- datadriven.SimpledatadrivenTest -->
