<?xml version="1.0" encoding="UTF-8"?>
<!-- Generated by org.testng.reporters.JUnitReportReporter -->
<testsuite skipped="0" hostname="work-PC" name="Selenium.MavenProject.Pdf2docTest" tests="1" failures="0" timestamp="2019-09-06T10:50:51 IST" time="2.462" errors="0">
  <testcase name="fileupload" time="2.462" classname="Selenium.MavenProject.Pdf2docTest"/>
</testsuite> <!-- Selenium.MavenProject.Pdf2docTest -->
