<?xml version="1.0" encoding="UTF-8"?>
<!-- Generated by org.testng.reporters.JUnitReportReporter -->
<testsuite skipped="0" hostname="work-PC" name="datadriven.dataDriven2Test" tests="1" failures="0" timestamp="2019-09-25T16:00:07 IST" time="1.249" errors="0">
  <testcase name="f" time="1.249" classname="datadriven.dataDriven2Test"/>
</testsuite> <!-- datadriven.dataDriven2Test -->
