<?xml version="1.0" encoding="UTF-8"?>
<!-- Generated by org.testng.reporters.JUnitReportReporter -->
<testsuite skipped="0" hostname="work-PC" name="Selenium.MavenProject.Fb_login" tests="1" failures="0" timestamp="2019-08-29T13:42:41 IST" time="4.933" errors="0">
  <testcase name="login" time="4.933" classname="Selenium.MavenProject.Fb_login"/>
</testsuite> <!-- Selenium.MavenProject.Fb_login -->
