<?xml version="1.0" encoding="UTF-8"?>
<!-- Generated by org.testng.reporters.JUnitReportReporter -->
<testsuite skipped="0" hostname="work-PC" name="Selenium.MavenProject.FB_screenshotTest" tests="1" failures="0" timestamp="2019-09-05T07:30:11 IST" time="0.607" errors="0">
  <testcase name="screenshot" time="0.607" classname="Selenium.MavenProject.FB_screenshotTest"/>
</testsuite> <!-- Selenium.MavenProject.FB_screenshotTest -->
