<?xml version="1.0" encoding="UTF-8"?>
<!-- Generated by org.testng.reporters.JUnitReportReporter -->
<testsuite skipped="0" hostname="work-PC" name="seleniumGrid.SeleniumGridExampleTest" tests="2" failures="0" timestamp="2019-09-10T23:10:29 IST" time="8.460" errors="0">
  <testcase name="simpletest" time="3.782" classname="seleniumGrid.SeleniumGridExampleTest"/>
  <testcase name="setup" time="4.678" classname="seleniumGrid.SeleniumGridExampleTest"/>
</testsuite> <!-- seleniumGrid.SeleniumGridExampleTest -->
