<?xml version="1.0" encoding="UTF-8"?>
<!-- Generated by org.testng.reporters.JUnitReportReporter -->
<testsuite skipped="0" hostname="work-PC" name="Selenium.MavenProject.InternetfilleuploadTest" tests="1" failures="0" timestamp="2019-08-28T16:52:08 IST" time="10.192" errors="0">
  <testcase name="fileupload" time="10.192" classname="Selenium.MavenProject.InternetfilleuploadTest"/>
</testsuite> <!-- Selenium.MavenProject.InternetfilleuploadTest -->
